#2.0#2022 11 25 06:18:01.550#Z#DEBUG#com.sap.cloud.lm.sl.xs2.a8d66c60-6c88-11ed-9cb6-eeee0a9d82d0.cpapp-srv.stageAppTask#
######org.cloudfoundry.multiapps.controller.persistence.services.ProcessLogger########flowable-async-job-executor-thread-7893###
[PollStageAppStatusExecution] [cpapp-srv] b3bcf96d-d1ad-466b-be10-50b8a5ae697a [Fri Nov 25 06:17:34 UTC 2022] Added process: "web" (STDOUT, API)#

#2.0#2022 11 25 06:18:01.550#Z#DEBUG#com.sap.cloud.lm.sl.xs2.a8d66c60-6c88-11ed-9cb6-eeee0a9d82d0.cpapp-srv.stageAppTask#
######org.cloudfoundry.multiapps.controller.persistence.services.ProcessLogger########flowable-async-job-executor-thread-7893###
[PollStageAppStatusExecution] [cpapp-srv] b3bcf96d-d1ad-466b-be10-50b8a5ae697a [Fri Nov 25 06:17:34 UTC 2022] Created app with guid b3bcf96d-d1ad-466b-be10-50b8a5ae697a (STDOUT, API)#

#2.0#2022 11 25 06:18:01.550#Z#DEBUG#com.sap.cloud.lm.sl.xs2.a8d66c60-6c88-11ed-9cb6-eeee0a9d82d0.cpapp-srv.stageAppTask#
######org.cloudfoundry.multiapps.controller.persistence.services.ProcessLogger########flowable-async-job-executor-thread-7893###
[PollStageAppStatusExecution] [cpapp-srv] b3bcf96d-d1ad-466b-be10-50b8a5ae697a [Fri Nov 25 06:17:34 UTC 2022] Updating process: "web" (STDOUT, API)#

#2.0#2022 11 25 06:18:01.550#Z#DEBUG#com.sap.cloud.lm.sl.xs2.a8d66c60-6c88-11ed-9cb6-eeee0a9d82d0.cpapp-srv.stageAppTask#
######org.cloudfoundry.multiapps.controller.persistence.services.ProcessLogger########flowable-async-job-executor-thread-7893###
[PollStageAppStatusExecution] [cpapp-srv] b3bcf96d-d1ad-466b-be10-50b8a5ae697a [Fri Nov 25 06:17:34 UTC 2022] Scaling process: "web" (STDOUT, API)#

#2.0#2022 11 25 06:18:01.550#Z#DEBUG#com.sap.cloud.lm.sl.xs2.a8d66c60-6c88-11ed-9cb6-eeee0a9d82d0.cpapp-srv.stageAppTask#
######org.cloudfoundry.multiapps.controller.persistence.services.ProcessLogger########flowable-async-job-executor-thread-7893###
[PollStageAppStatusExecution] [cpapp-srv] b3bcf96d-d1ad-466b-be10-50b8a5ae697a [Fri Nov 25 06:17:35 UTC 2022] Updated app with guid b3bcf96d-d1ad-466b-be10-50b8a5ae697a ({"environment_variables"=>"[PRIVATE DATA HIDDEN]"}) (STDOUT, API)#

#2.0#2022 11 25 06:18:01.550#Z#DEBUG#com.sap.cloud.lm.sl.xs2.a8d66c60-6c88-11ed-9cb6-eeee0a9d82d0.cpapp-srv.stageAppTask#
######org.cloudfoundry.multiapps.controller.persistence.services.ProcessLogger########flowable-async-job-executor-thread-7893###
[PollStageAppStatusExecution] [cpapp-srv] b3bcf96d-d1ad-466b-be10-50b8a5ae697a [Fri Nov 25 06:17:41 UTC 2022] Uploading app package for app with guid b3bcf96d-d1ad-466b-be10-50b8a5ae697a (STDOUT, API)#

#2.0#2022 11 25 06:18:01.550#Z#DEBUG#com.sap.cloud.lm.sl.xs2.a8d66c60-6c88-11ed-9cb6-eeee0a9d82d0.cpapp-srv.stageAppTask#
######org.cloudfoundry.multiapps.controller.persistence.services.ProcessLogger########flowable-async-job-executor-thread-7893###
[PollStageAppStatusExecution] [cpapp-srv] b3bcf96d-d1ad-466b-be10-50b8a5ae697a [Fri Nov 25 06:17:41 UTC 2022] Updated app with guid b3bcf96d-d1ad-466b-be10-50b8a5ae697a ({"environment_variables"=>"[PRIVATE DATA HIDDEN]"}) (STDOUT, API)#

#2.0#2022 11 25 06:18:01.550#Z#DEBUG#com.sap.cloud.lm.sl.xs2.a8d66c60-6c88-11ed-9cb6-eeee0a9d82d0.cpapp-srv.stageAppTask#
######org.cloudfoundry.multiapps.controller.persistence.services.ProcessLogger########flowable-async-job-executor-thread-7893###
[PollStageAppStatusExecution] [cpapp-srv] b3bcf96d-d1ad-466b-be10-50b8a5ae697a [Fri Nov 25 06:17:51 UTC 2022] Creating build for app with guid b3bcf96d-d1ad-466b-be10-50b8a5ae697a (STDOUT, API)#

#2.0#2022 11 25 06:18:01.550#Z#DEBUG#com.sap.cloud.lm.sl.xs2.a8d66c60-6c88-11ed-9cb6-eeee0a9d82d0.cpapp-srv.stageAppTask#
######org.cloudfoundry.multiapps.controller.persistence.services.ProcessLogger########flowable-async-job-executor-thread-7893###
[PollStageAppStatusExecution] [cpapp-srv] b3bcf96d-d1ad-466b-be10-50b8a5ae697a [Fri Nov 25 06:17:52 UTC 2022] Downloading nodejs_buildpack... (STDOUT, STG)#

#2.0#2022 11 25 06:18:01.550#Z#DEBUG#com.sap.cloud.lm.sl.xs2.a8d66c60-6c88-11ed-9cb6-eeee0a9d82d0.cpapp-srv.stageAppTask#
######org.cloudfoundry.multiapps.controller.persistence.services.ProcessLogger########flowable-async-job-executor-thread-7893###
[PollStageAppStatusExecution] [cpapp-srv] b3bcf96d-d1ad-466b-be10-50b8a5ae697a [Fri Nov 25 06:17:52 UTC 2022] Cell 800e5d0e-1e57-43c7-9235-41a3e350b7e0 creating container for instance 39d3043b-16a5-40bf-899a-8d9e0fc8c5b1 (STDOUT, STG)#

#2.0#2022 11 25 06:18:01.550#Z#DEBUG#com.sap.cloud.lm.sl.xs2.a8d66c60-6c88-11ed-9cb6-eeee0a9d82d0.cpapp-srv.stageAppTask#
######org.cloudfoundry.multiapps.controller.persistence.services.ProcessLogger########flowable-async-job-executor-thread-7893###
[PollStageAppStatusExecution] [cpapp-srv] b3bcf96d-d1ad-466b-be10-50b8a5ae697a [Fri Nov 25 06:17:52 UTC 2022] Downloaded nodejs_buildpack (STDOUT, STG)#

#2.0#2022 11 25 06:18:01.550#Z#DEBUG#com.sap.cloud.lm.sl.xs2.a8d66c60-6c88-11ed-9cb6-eeee0a9d82d0.cpapp-srv.stageAppTask#
######org.cloudfoundry.multiapps.controller.persistence.services.ProcessLogger########flowable-async-job-executor-thread-7893###
[PollStageAppStatusExecution] [cpapp-srv] b3bcf96d-d1ad-466b-be10-50b8a5ae697a [Fri Nov 25 06:17:52 UTC 2022] Cell 800e5d0e-1e57-43c7-9235-41a3e350b7e0 successfully created container for instance 39d3043b-16a5-40bf-899a-8d9e0fc8c5b1 (STDOUT, STG)#

#2.0#2022 11 25 06:18:01.550#Z#DEBUG#com.sap.cloud.lm.sl.xs2.a8d66c60-6c88-11ed-9cb6-eeee0a9d82d0.cpapp-srv.stageAppTask#
######org.cloudfoundry.multiapps.controller.persistence.services.ProcessLogger########flowable-async-job-executor-thread-7893###
[PollStageAppStatusExecution] [cpapp-srv] b3bcf96d-d1ad-466b-be10-50b8a5ae697a [Fri Nov 25 06:17:53 UTC 2022] Downloading app package... (STDOUT, STG)#

#2.0#2022 11 25 06:18:01.550#Z#DEBUG#com.sap.cloud.lm.sl.xs2.a8d66c60-6c88-11ed-9cb6-eeee0a9d82d0.cpapp-srv.stageAppTask#
######org.cloudfoundry.multiapps.controller.persistence.services.ProcessLogger########flowable-async-job-executor-thread-7893###
[PollStageAppStatusExecution] [cpapp-srv] b3bcf96d-d1ad-466b-be10-50b8a5ae697a [Fri Nov 25 06:17:53 UTC 2022] Downloaded app package (4.1M) (STDOUT, STG)#

#2.0#2022 11 25 06:18:01.550#Z#DEBUG#com.sap.cloud.lm.sl.xs2.a8d66c60-6c88-11ed-9cb6-eeee0a9d82d0.cpapp-srv.stageAppTask#
######org.cloudfoundry.multiapps.controller.persistence.services.ProcessLogger########flowable-async-job-executor-thread-7893###
[PollStageAppStatusExecution] [cpapp-srv] b3bcf96d-d1ad-466b-be10-50b8a5ae697a [Fri Nov 25 06:17:53 UTC 2022] -----> Nodejs Buildpack version 1.8.0 (STDOUT, STG)#

#2.0#2022 11 25 06:18:01.550#Z#DEBUG#com.sap.cloud.lm.sl.xs2.a8d66c60-6c88-11ed-9cb6-eeee0a9d82d0.cpapp-srv.stageAppTask#
######org.cloudfoundry.multiapps.controller.persistence.services.ProcessLogger########flowable-async-job-executor-thread-7893###
[PollStageAppStatusExecution] [cpapp-srv] b3bcf96d-d1ad-466b-be10-50b8a5ae697a [Fri Nov 25 06:17:53 UTC 2022] -----> Installing node 16.17.0 (STDOUT, STG)#

#2.0#2022 11 25 06:18:01.550#Z#DEBUG#com.sap.cloud.lm.sl.xs2.a8d66c60-6c88-11ed-9cb6-eeee0a9d82d0.cpapp-srv.stageAppTask#
######org.cloudfoundry.multiapps.controller.persistence.services.ProcessLogger########flowable-async-job-executor-thread-7893###
[PollStageAppStatusExecution] [cpapp-srv] b3bcf96d-d1ad-466b-be10-50b8a5ae697a [Fri Nov 25 06:17:53 UTC 2022] engines.npm (package.json): unspecified (use default) (STDOUT, STG)#

#2.0#2022 11 25 06:18:01.550#Z#DEBUG#com.sap.cloud.lm.sl.xs2.a8d66c60-6c88-11ed-9cb6-eeee0a9d82d0.cpapp-srv.stageAppTask#
######org.cloudfoundry.multiapps.controller.persistence.services.ProcessLogger########flowable-async-job-executor-thread-7893###
[PollStageAppStatusExecution] [cpapp-srv] b3bcf96d-d1ad-466b-be10-50b8a5ae697a [Fri Nov 25 06:17:53 UTC 2022] engines.node (package.json): ^16 (STDOUT, STG)#

#2.0#2022 11 25 06:18:01.550#Z#DEBUG#com.sap.cloud.lm.sl.xs2.a8d66c60-6c88-11ed-9cb6-eeee0a9d82d0.cpapp-srv.stageAppTask#
######org.cloudfoundry.multiapps.controller.persistence.services.ProcessLogger########flowable-async-job-executor-thread-7893###
[PollStageAppStatusExecution] [cpapp-srv] b3bcf96d-d1ad-466b-be10-50b8a5ae697a [Fri Nov 25 06:17:53 UTC 2022] -----> Installing binaries (STDOUT, STG)#

#2.0#2022 11 25 06:18:01.550#Z#DEBUG#com.sap.cloud.lm.sl.xs2.a8d66c60-6c88-11ed-9cb6-eeee0a9d82d0.cpapp-srv.stageAppTask#
######org.cloudfoundry.multiapps.controller.persistence.services.ProcessLogger########flowable-async-job-executor-thread-7893###
[PollStageAppStatusExecution] [cpapp-srv] b3bcf96d-d1ad-466b-be10-50b8a5ae697a [Fri Nov 25 06:17:53 UTC 2022] Copy [/tmp/buildpacks/07ba49ef2d8e6f8ed086df2109bf58ae/dependencies/ed71407b9c40b957554783e91664163f/node_16.17.0_linux_x64_cflinuxfs3_d92abdd8.tgz] (STDOUT, STG)#

#2.0#2022 11 25 06:18:01.550#Z#DEBUG#com.sap.cloud.lm.sl.xs2.a8d66c60-6c88-11ed-9cb6-eeee0a9d82d0.cpapp-srv.stageAppTask#
######org.cloudfoundry.multiapps.controller.persistence.services.ProcessLogger########flowable-async-job-executor-thread-7893###
[PollStageAppStatusExecution] [cpapp-srv] b3bcf96d-d1ad-466b-be10-50b8a5ae697a [Fri Nov 25 06:17:55 UTC 2022] Copy [/tmp/buildpacks/07ba49ef2d8e6f8ed086df2109bf58ae/dependencies/0f06052381cbcef1593bd279ca3d9458/yarn_1.22.19_linux_noarch_any-stack_32d0e82e.tgz] (STDOUT, STG)#

#2.0#2022 11 25 06:18:01.550#Z#DEBUG#com.sap.cloud.lm.sl.xs2.a8d66c60-6c88-11ed-9cb6-eeee0a9d82d0.cpapp-srv.stageAppTask#
######org.cloudfoundry.multiapps.controller.persistence.services.ProcessLogger########flowable-async-job-executor-thread-7893###
[PollStageAppStatusExecution] [cpapp-srv] b3bcf96d-d1ad-466b-be10-50b8a5ae697a [Fri Nov 25 06:17:55 UTC 2022] -----> Installing yarn 1.22.19 (STDOUT, STG)#

#2.0#2022 11 25 06:18:01.550#Z#DEBUG#com.sap.cloud.lm.sl.xs2.a8d66c60-6c88-11ed-9cb6-eeee0a9d82d0.cpapp-srv.stageAppTask#
######org.cloudfoundry.multiapps.controller.persistence.services.ProcessLogger########flowable-async-job-executor-thread-7893###
[PollStageAppStatusExecution] [cpapp-srv] b3bcf96d-d1ad-466b-be10-50b8a5ae697a [Fri Nov 25 06:17:55 UTC 2022] Using default npm version: 8.15.0 (STDOUT, STG)#

#2.0#2022 11 25 06:18:01.550#Z#DEBUG#com.sap.cloud.lm.sl.xs2.a8d66c60-6c88-11ed-9cb6-eeee0a9d82d0.cpapp-srv.stageAppTask#
######org.cloudfoundry.multiapps.controller.persistence.services.ProcessLogger########flowable-async-job-executor-thread-7893###
[PollStageAppStatusExecution] [cpapp-srv] b3bcf96d-d1ad-466b-be10-50b8a5ae697a [Fri Nov 25 06:17:55 UTC 2022] -----> Creating runtime environment (STDOUT, STG)#

#2.0#2022 11 25 06:18:01.550#Z#DEBUG#com.sap.cloud.lm.sl.xs2.a8d66c60-6c88-11ed-9cb6-eeee0a9d82d0.cpapp-srv.stageAppTask#
######org.cloudfoundry.multiapps.controller.persistence.services.ProcessLogger########flowable-async-job-executor-thread-7893###
[PollStageAppStatusExecution] [cpapp-srv] b3bcf96d-d1ad-466b-be10-50b8a5ae697a [Fri Nov 25 06:17:55 UTC 2022] Installed yarn 1.22.19 (STDOUT, STG)#

#2.0#2022 11 25 06:18:01.550#Z#DEBUG#com.sap.cloud.lm.sl.xs2.a8d66c60-6c88-11ed-9cb6-eeee0a9d82d0.cpapp-srv.stageAppTask#
######org.cloudfoundry.multiapps.controller.persistence.services.ProcessLogger########flowable-async-job-executor-thread-7893###
[PollStageAppStatusExecution] [cpapp-srv] b3bcf96d-d1ad-466b-be10-50b8a5ae697a [Fri Nov 25 06:17:55 UTC 2022] Rebuilding any native modules (STDOUT, STG)#

#2.0#2022 11 25 06:18:01.550#Z#DEBUG#com.sap.cloud.lm.sl.xs2.a8d66c60-6c88-11ed-9cb6-eeee0a9d82d0.cpapp-srv.stageAppTask#
######org.cloudfoundry.multiapps.controller.persistence.services.ProcessLogger########flowable-async-job-executor-thread-7893###
[PollStageAppStatusExecution] [cpapp-srv] b3bcf96d-d1ad-466b-be10-50b8a5ae697a [Fri Nov 25 06:17:55 UTC 2022] Prebuild detected (node_modules already exists) (STDOUT, STG)#

#2.0#2022 11 25 06:18:01.550#Z#DEBUG#com.sap.cloud.lm.sl.xs2.a8d66c60-6c88-11ed-9cb6-eeee0a9d82d0.cpapp-srv.stageAppTask#
######org.cloudfoundry.multiapps.controller.persistence.services.ProcessLogger########flowable-async-job-executor-thread-7893###
[PollStageAppStatusExecution] [cpapp-srv] b3bcf96d-d1ad-466b-be10-50b8a5ae697a [Fri Nov 25 06:17:55 UTC 2022] -----> Building dependencies (STDOUT, STG)#

#2.0#2022 11 25 06:18:01.550#Z#DEBUG#com.sap.cloud.lm.sl.xs2.a8d66c60-6c88-11ed-9cb6-eeee0a9d82d0.cpapp-srv.stageAppTask#
######org.cloudfoundry.multiapps.controller.persistence.services.ProcessLogger########flowable-async-job-executor-thread-7893###
[PollStageAppStatusExecution] [cpapp-srv] b3bcf96d-d1ad-466b-be10-50b8a5ae697a [Fri Nov 25 06:17:55 UTC 2022] NPM_CONFIG_PRODUCTION=true (STDOUT, STG)#

#2.0#2022 11 25 06:18:01.550#Z#DEBUG#com.sap.cloud.lm.sl.xs2.a8d66c60-6c88-11ed-9cb6-eeee0a9d82d0.cpapp-srv.stageAppTask#
######org.cloudfoundry.multiapps.controller.persistence.services.ProcessLogger########flowable-async-job-executor-thread-7893###
[PollStageAppStatusExecution] [cpapp-srv] b3bcf96d-d1ad-466b-be10-50b8a5ae697a [Fri Nov 25 06:17:55 UTC 2022] NPM_CONFIG_LOGLEVEL=error (STDOUT, STG)#

#2.0#2022 11 25 06:18:01.551#Z#DEBUG#com.sap.cloud.lm.sl.xs2.a8d66c60-6c88-11ed-9cb6-eeee0a9d82d0.cpapp-srv.stageAppTask#
######org.cloudfoundry.multiapps.controller.persistence.services.ProcessLogger########flowable-async-job-executor-thread-7893###
[PollStageAppStatusExecution] [cpapp-srv] b3bcf96d-d1ad-466b-be10-50b8a5ae697a [Fri Nov 25 06:17:55 UTC 2022] NODE_VERBOSE=false (STDOUT, STG)#

#2.0#2022 11 25 06:18:01.551#Z#DEBUG#com.sap.cloud.lm.sl.xs2.a8d66c60-6c88-11ed-9cb6-eeee0a9d82d0.cpapp-srv.stageAppTask#
######org.cloudfoundry.multiapps.controller.persistence.services.ProcessLogger########flowable-async-job-executor-thread-7893###
[PollStageAppStatusExecution] [cpapp-srv] b3bcf96d-d1ad-466b-be10-50b8a5ae697a [Fri Nov 25 06:17:55 UTC 2022] NODE_MODULES_CACHE=true (STDOUT, STG)#

#2.0#2022 11 25 06:18:01.551#Z#DEBUG#com.sap.cloud.lm.sl.xs2.a8d66c60-6c88-11ed-9cb6-eeee0a9d82d0.cpapp-srv.stageAppTask#
######org.cloudfoundry.multiapps.controller.persistence.services.ProcessLogger########flowable-async-job-executor-thread-7893###
[PollStageAppStatusExecution] [cpapp-srv] b3bcf96d-d1ad-466b-be10-50b8a5ae697a [Fri Nov 25 06:17:55 UTC 2022] NODE_HOME=/tmp/contents3516762391/deps/0/node (STDOUT, STG)#

#2.0#2022 11 25 06:18:01.551#Z#DEBUG#com.sap.cloud.lm.sl.xs2.a8d66c60-6c88-11ed-9cb6-eeee0a9d82d0.cpapp-srv.stageAppTask#
######org.cloudfoundry.multiapps.controller.persistence.services.ProcessLogger########flowable-async-job-executor-thread-7893###
[PollStageAppStatusExecution] [cpapp-srv] b3bcf96d-d1ad-466b-be10-50b8a5ae697a [Fri Nov 25 06:17:55 UTC 2022] NODE_ENV=production (STDOUT, STG)#

#2.0#2022 11 25 06:18:01.551#Z#DEBUG#com.sap.cloud.lm.sl.xs2.a8d66c60-6c88-11ed-9cb6-eeee0a9d82d0.cpapp-srv.stageAppTask#
######org.cloudfoundry.multiapps.controller.persistence.services.ProcessLogger########flowable-async-job-executor-thread-7893###
[PollStageAppStatusExecution] [cpapp-srv] b3bcf96d-d1ad-466b-be10-50b8a5ae697a [Fri Nov 25 06:17:55 UTC 2022] rebuilt dependencies successfully (STDOUT, STG)#

#2.0#2022 11 25 06:18:01.551#Z#DEBUG#com.sap.cloud.lm.sl.xs2.a8d66c60-6c88-11ed-9cb6-eeee0a9d82d0.cpapp-srv.stageAppTask#
######org.cloudfoundry.multiapps.controller.persistence.services.ProcessLogger########flowable-async-job-executor-thread-7893###
[PollStageAppStatusExecution] [cpapp-srv] b3bcf96d-d1ad-466b-be10-50b8a5ae697a [Fri Nov 25 06:17:55 UTC 2022] Installing any new modules (package.json + package-lock.json) (STDOUT, STG)#

#2.0#2022 11 25 06:18:01.551#Z#DEBUG#com.sap.cloud.lm.sl.xs2.a8d66c60-6c88-11ed-9cb6-eeee0a9d82d0.cpapp-srv.stageAppTask#
######org.cloudfoundry.multiapps.controller.persistence.services.ProcessLogger########flowable-async-job-executor-thread-7893###
[PollStageAppStatusExecution] [cpapp-srv] b3bcf96d-d1ad-466b-be10-50b8a5ae697a [Fri Nov 25 06:17:57 UTC 2022] run `npm fund` for details (STDOUT, STG)#

#2.0#2022 11 25 06:18:01.551#Z#DEBUG#com.sap.cloud.lm.sl.xs2.a8d66c60-6c88-11ed-9cb6-eeee0a9d82d0.cpapp-srv.stageAppTask#
######org.cloudfoundry.multiapps.controller.persistence.services.ProcessLogger########flowable-async-job-executor-thread-7893###
[PollStageAppStatusExecution] [cpapp-srv] b3bcf96d-d1ad-466b-be10-50b8a5ae697a [Fri Nov 25 06:17:57 UTC 2022] 10 packages are looking for funding (STDOUT, STG)#

#2.0#2022 11 25 06:18:01.551#Z#DEBUG#com.sap.cloud.lm.sl.xs2.a8d66c60-6c88-11ed-9cb6-eeee0a9d82d0.cpapp-srv.stageAppTask#
######org.cloudfoundry.multiapps.controller.persistence.services.ProcessLogger########flowable-async-job-executor-thread-7893###
[PollStageAppStatusExecution] [cpapp-srv] b3bcf96d-d1ad-466b-be10-50b8a5ae697a [Fri Nov 25 06:17:57 UTC 2022] added 3 packages, removed 8 packages, and changed 4 packages in 2s (STDOUT, STG)#

#2.0#2022 11 25 06:18:01.551#Z#DEBUG#com.sap.cloud.lm.sl.xs2.a8d66c60-6c88-11ed-9cb6-eeee0a9d82d0.cpapp-srv.stageAppTask#
######org.cloudfoundry.multiapps.controller.persistence.services.ProcessLogger########flowable-async-job-executor-thread-7893###
[PollStageAppStatusExecution] [cpapp-srv] b3bcf96d-d1ad-466b-be10-50b8a5ae697a [Fri Nov 25 06:17:57 UTC 2022] npm notice (STDOUT, STG)#

#2.0#2022 11 25 06:18:01.551#Z#DEBUG#com.sap.cloud.lm.sl.xs2.a8d66c60-6c88-11ed-9cb6-eeee0a9d82d0.cpapp-srv.stageAppTask#
######org.cloudfoundry.multiapps.controller.persistence.services.ProcessLogger########flowable-async-job-executor-thread-7893###
[PollStageAppStatusExecution] [cpapp-srv] b3bcf96d-d1ad-466b-be10-50b8a5ae697a [Fri Nov 25 06:17:57 UTC 2022] npm notice Run `npm install -g npm@9.1.2` to update! (STDOUT, STG)#

#2.0#2022 11 25 06:18:01.551#Z#DEBUG#com.sap.cloud.lm.sl.xs2.a8d66c60-6c88-11ed-9cb6-eeee0a9d82d0.cpapp-srv.stageAppTask#
######org.cloudfoundry.multiapps.controller.persistence.services.ProcessLogger########flowable-async-job-executor-thread-7893###
[PollStageAppStatusExecution] [cpapp-srv] b3bcf96d-d1ad-466b-be10-50b8a5ae697a [Fri Nov 25 06:17:57 UTC 2022] npm notice Changelog: <https://github.com/npm/cli/releases/tag/v9.1.2> (STDOUT, STG)#

#2.0#2022 11 25 06:18:01.551#Z#DEBUG#com.sap.cloud.lm.sl.xs2.a8d66c60-6c88-11ed-9cb6-eeee0a9d82d0.cpapp-srv.stageAppTask#
######org.cloudfoundry.multiapps.controller.persistence.services.ProcessLogger########flowable-async-job-executor-thread-7893###
[PollStageAppStatusExecution] [cpapp-srv] b3bcf96d-d1ad-466b-be10-50b8a5ae697a [Fri Nov 25 06:17:57 UTC 2022] npm notice New major version of npm available! 8.15.0 -> 9.1.2 (STDOUT, STG)#

#2.0#2022 11 25 06:18:01.551#Z#DEBUG#com.sap.cloud.lm.sl.xs2.a8d66c60-6c88-11ed-9cb6-eeee0a9d82d0.cpapp-srv.stageAppTask#
######org.cloudfoundry.multiapps.controller.persistence.services.ProcessLogger########flowable-async-job-executor-thread-7893###
[PollStageAppStatusExecution] [cpapp-srv] b3bcf96d-d1ad-466b-be10-50b8a5ae697a [Fri Nov 25 06:17:57 UTC 2022] npm notice (STDOUT, STG)#

#2.0#2022 11 25 06:18:01.551#Z#DEBUG#com.sap.cloud.lm.sl.xs2.a8d66c60-6c88-11ed-9cb6-eeee0a9d82d0.cpapp-srv.stageAppTask#
######org.cloudfoundry.multiapps.controller.persistence.services.ProcessLogger########flowable-async-job-executor-thread-7893###
[PollStageAppStatusExecution] [cpapp-srv] b3bcf96d-d1ad-466b-be10-50b8a5ae697a [Fri Nov 25 06:17:58 UTC 2022] service is not configured to run with Sealights (STDOUT, STG)#

#2.0#2022 11 25 06:18:01.551#Z#DEBUG#com.sap.cloud.lm.sl.xs2.a8d66c60-6c88-11ed-9cb6-eeee0a9d82d0.cpapp-srv.stageAppTask#
######org.cloudfoundry.multiapps.controller.persistence.services.ProcessLogger########flowable-async-job-executor-thread-7893###
[PollStageAppStatusExecution] [cpapp-srv] b3bcf96d-d1ad-466b-be10-50b8a5ae697a [Fri Nov 25 06:17:58 UTC 2022] inside Sealights hook (STDOUT, STG)#

#2.0#2022 11 25 06:18:01.551#Z#DEBUG#com.sap.cloud.lm.sl.xs2.a8d66c60-6c88-11ed-9cb6-eeee0a9d82d0.cpapp-srv.stageAppTask#
######org.cloudfoundry.multiapps.controller.persistence.services.ProcessLogger########flowable-async-job-executor-thread-7893###
[PollStageAppStatusExecution] [cpapp-srv] b3bcf96d-d1ad-466b-be10-50b8a5ae697a [Fri Nov 25 06:17:58 UTC 2022] Contrast Security no credentials found. Will not write environment files. (STDOUT, STG)#

#2.0#2022 11 25 06:18:11.548#Z#DEBUG#com.sap.cloud.lm.sl.xs2.a8d66c60-6c88-11ed-9cb6-eeee0a9d82d0.cpapp-srv.stageAppTask#
######org.cloudfoundry.multiapps.controller.persistence.services.ProcessLogger########flowable-async-job-executor-thread-10329###
[PollStageAppStatusExecution] [cpapp-srv] b3bcf96d-d1ad-466b-be10-50b8a5ae697a [Fri Nov 25 06:17:58 UTC 2022] service is not configured to run with Sealights (STDOUT, STG)#

#2.0#2022 11 25 06:18:11.548#Z#DEBUG#com.sap.cloud.lm.sl.xs2.a8d66c60-6c88-11ed-9cb6-eeee0a9d82d0.cpapp-srv.stageAppTask#
######org.cloudfoundry.multiapps.controller.persistence.services.ProcessLogger########flowable-async-job-executor-thread-10329###
[PollStageAppStatusExecution] [cpapp-srv] b3bcf96d-d1ad-466b-be10-50b8a5ae697a [Fri Nov 25 06:17:58 UTC 2022] inside Sealights hook (STDOUT, STG)#

#2.0#2022 11 25 06:18:11.548#Z#DEBUG#com.sap.cloud.lm.sl.xs2.a8d66c60-6c88-11ed-9cb6-eeee0a9d82d0.cpapp-srv.stageAppTask#
######org.cloudfoundry.multiapps.controller.persistence.services.ProcessLogger########flowable-async-job-executor-thread-10329###
[PollStageAppStatusExecution] [cpapp-srv] b3bcf96d-d1ad-466b-be10-50b8a5ae697a [Fri Nov 25 06:18:03 UTC 2022] Uploading build artifacts cache... (STDOUT, STG)#

#2.0#2022 11 25 06:18:11.548#Z#DEBUG#com.sap.cloud.lm.sl.xs2.a8d66c60-6c88-11ed-9cb6-eeee0a9d82d0.cpapp-srv.stageAppTask#
######org.cloudfoundry.multiapps.controller.persistence.services.ProcessLogger########flowable-async-job-executor-thread-10329###
[PollStageAppStatusExecution] [cpapp-srv] b3bcf96d-d1ad-466b-be10-50b8a5ae697a [Fri Nov 25 06:18:03 UTC 2022] Uploading droplet... (STDOUT, STG)#

#2.0#2022 11 25 06:18:11.548#Z#DEBUG#com.sap.cloud.lm.sl.xs2.a8d66c60-6c88-11ed-9cb6-eeee0a9d82d0.cpapp-srv.stageAppTask#
######org.cloudfoundry.multiapps.controller.persistence.services.ProcessLogger########flowable-async-job-executor-thread-10329###
[PollStageAppStatusExecution] [cpapp-srv] b3bcf96d-d1ad-466b-be10-50b8a5ae697a [Fri Nov 25 06:18:03 UTC 2022] Uploading droplet, build artifacts cache... (STDOUT, STG)#

#2.0#2022 11 25 06:18:11.548#Z#DEBUG#com.sap.cloud.lm.sl.xs2.a8d66c60-6c88-11ed-9cb6-eeee0a9d82d0.cpapp-srv.stageAppTask#
######org.cloudfoundry.multiapps.controller.persistence.services.ProcessLogger########flowable-async-job-executor-thread-10329###
[PollStageAppStatusExecution] [cpapp-srv] b3bcf96d-d1ad-466b-be10-50b8a5ae697a [Fri Nov 25 06:18:03 UTC 2022] Exit status 0 (STDOUT, STG)#

#2.0#2022 11 25 06:18:11.548#Z#DEBUG#com.sap.cloud.lm.sl.xs2.a8d66c60-6c88-11ed-9cb6-eeee0a9d82d0.cpapp-srv.stageAppTask#
######org.cloudfoundry.multiapps.controller.persistence.services.ProcessLogger########flowable-async-job-executor-thread-10329###
[PollStageAppStatusExecution] [cpapp-srv] b3bcf96d-d1ad-466b-be10-50b8a5ae697a [Fri Nov 25 06:18:03 UTC 2022] Uploaded build artifacts cache (218B) (STDOUT, STG)#

#2.0#2022 11 25 06:18:11.549#Z#DEBUG#com.sap.cloud.lm.sl.xs2.a8d66c60-6c88-11ed-9cb6-eeee0a9d82d0.cpapp-srv.stageAppTask#
######org.cloudfoundry.multiapps.controller.persistence.services.ProcessLogger########flowable-async-job-executor-thread-10329###
[PollStageAppStatusExecution] [cpapp-srv] b3bcf96d-d1ad-466b-be10-50b8a5ae697a [Fri Nov 25 06:18:04 UTC 2022] Creating droplet for app with guid b3bcf96d-d1ad-466b-be10-50b8a5ae697a (STDOUT, API)#

#2.0#2022 11 25 06:18:11.549#Z#DEBUG#com.sap.cloud.lm.sl.xs2.a8d66c60-6c88-11ed-9cb6-eeee0a9d82d0.cpapp-srv.stageAppTask#
######org.cloudfoundry.multiapps.controller.persistence.services.ProcessLogger########flowable-async-job-executor-thread-10329###
[PollStageAppStatusExecution] [cpapp-srv] b3bcf96d-d1ad-466b-be10-50b8a5ae697a [Fri Nov 25 06:18:07 UTC 2022] Uploaded droplet (37.8M) (STDOUT, STG)#

#2.0#2022 11 25 06:18:11.549#Z#DEBUG#com.sap.cloud.lm.sl.xs2.a8d66c60-6c88-11ed-9cb6-eeee0a9d82d0.cpapp-srv.stageAppTask#
######org.cloudfoundry.multiapps.controller.persistence.services.ProcessLogger########flowable-async-job-executor-thread-10329###
[PollStageAppStatusExecution] [cpapp-srv] b3bcf96d-d1ad-466b-be10-50b8a5ae697a [Fri Nov 25 06:18:07 UTC 2022] Uploading complete (STDOUT, STG)#

#2.0#2022 11 25 06:18:11.549#Z#DEBUG#com.sap.cloud.lm.sl.xs2.a8d66c60-6c88-11ed-9cb6-eeee0a9d82d0.cpapp-srv.stageAppTask#
######org.cloudfoundry.multiapps.controller.persistence.services.ProcessLogger########flowable-async-job-executor-thread-10329###
[PollStageAppStatusExecution] [cpapp-srv] b3bcf96d-d1ad-466b-be10-50b8a5ae697a [Fri Nov 25 06:18:08 UTC 2022] Cell 800e5d0e-1e57-43c7-9235-41a3e350b7e0 destroying container for instance 39d3043b-16a5-40bf-899a-8d9e0fc8c5b1 (STDOUT, STG)#

#2.0#2022 11 25 06:18:11.549#Z#DEBUG#com.sap.cloud.lm.sl.xs2.a8d66c60-6c88-11ed-9cb6-eeee0a9d82d0.cpapp-srv.stageAppTask#
######org.cloudfoundry.multiapps.controller.persistence.services.ProcessLogger########flowable-async-job-executor-thread-10329###
[PollStageAppStatusExecution] [cpapp-srv] b3bcf96d-d1ad-466b-be10-50b8a5ae697a [Fri Nov 25 06:18:08 UTC 2022] Cell 800e5d0e-1e57-43c7-9235-41a3e350b7e0 stopping instance 39d3043b-16a5-40bf-899a-8d9e0fc8c5b1 (STDOUT, STG)#

#2.0#2022 11 25 06:18:11.549#Z#DEBUG#com.sap.cloud.lm.sl.xs2.a8d66c60-6c88-11ed-9cb6-eeee0a9d82d0.cpapp-srv.stageAppTask#
######org.cloudfoundry.multiapps.controller.persistence.services.ProcessLogger########flowable-async-job-executor-thread-10329###
[PollStageAppStatusExecution] [cpapp-srv] b3bcf96d-d1ad-466b-be10-50b8a5ae697a [Fri Nov 25 06:18:08 UTC 2022] Cell 800e5d0e-1e57-43c7-9235-41a3e350b7e0 successfully destroyed container for instance 39d3043b-16a5-40bf-899a-8d9e0fc8c5b1 (STDOUT, STG)#

#2.0#2022 11 25 06:18:21.666#Z#DEBUG#com.sap.cloud.lm.sl.xs2.a8d66c60-6c88-11ed-9cb6-eeee0a9d82d0.cpapp-srv.startAppTask#
######org.cloudfoundry.multiapps.controller.persistence.services.ProcessLogger########flowable-async-job-executor-thread-7907###
[PollStartAppStatusExecution] [cpapp-srv] b3bcf96d-d1ad-466b-be10-50b8a5ae697a [Fri Nov 25 06:18:11 UTC 2022] Updated app with guid b3bcf96d-d1ad-466b-be10-50b8a5ae697a ({:droplet_guid=>"47388c5a-1673-4ecc-ac21-f95553b489ff"}) (STDOUT, API)#

#2.0#2022 11 25 06:18:21.666#Z#DEBUG#com.sap.cloud.lm.sl.xs2.a8d66c60-6c88-11ed-9cb6-eeee0a9d82d0.cpapp-srv.startAppTask#
######org.cloudfoundry.multiapps.controller.persistence.services.ProcessLogger########flowable-async-job-executor-thread-7907###
[PollStartAppStatusExecution] [cpapp-srv] b3bcf96d-d1ad-466b-be10-50b8a5ae697a [Fri Nov 25 06:18:12 UTC 2022] Creating revision for app with guid b3bcf96d-d1ad-466b-be10-50b8a5ae697a (STDOUT, API)#

#2.0#2022 11 25 06:18:21.666#Z#DEBUG#com.sap.cloud.lm.sl.xs2.a8d66c60-6c88-11ed-9cb6-eeee0a9d82d0.cpapp-srv.startAppTask#
######org.cloudfoundry.multiapps.controller.persistence.services.ProcessLogger########flowable-async-job-executor-thread-7907###
[PollStartAppStatusExecution] [cpapp-srv] b3bcf96d-d1ad-466b-be10-50b8a5ae697a [Fri Nov 25 06:18:12 UTC 2022] Starting app with guid b3bcf96d-d1ad-466b-be10-50b8a5ae697a (STDOUT, API)#

#2.0#2022 11 25 06:18:21.666#Z#DEBUG#com.sap.cloud.lm.sl.xs2.a8d66c60-6c88-11ed-9cb6-eeee0a9d82d0.cpapp-srv.startAppTask#
######org.cloudfoundry.multiapps.controller.persistence.services.ProcessLogger########flowable-async-job-executor-thread-7907###
[PollStartAppStatusExecution] [cpapp-srv] b3bcf96d-d1ad-466b-be10-50b8a5ae697a [Fri Nov 25 06:18:12 UTC 2022] Cell d5f8ba8f-6b80-4d41-b335-1a257634845d creating container for instance fbad2a16-44d7-4b23-450a-92f2 (STDOUT, CELL)#

#2.0#2022 11 25 06:18:21.666#Z#DEBUG#com.sap.cloud.lm.sl.xs2.a8d66c60-6c88-11ed-9cb6-eeee0a9d82d0.cpapp-srv.startAppTask#
######org.cloudfoundry.multiapps.controller.persistence.services.ProcessLogger########flowable-async-job-executor-thread-7907###
[PollStartAppStatusExecution] [cpapp-srv] b3bcf96d-d1ad-466b-be10-50b8a5ae697a [Fri Nov 25 06:18:12 UTC 2022] Cell d5f8ba8f-6b80-4d41-b335-1a257634845d successfully created container for instance fbad2a16-44d7-4b23-450a-92f2 (STDOUT, CELL)#

#2.0#2022 11 25 06:18:21.666#Z#DEBUG#com.sap.cloud.lm.sl.xs2.a8d66c60-6c88-11ed-9cb6-eeee0a9d82d0.cpapp-srv.startAppTask#
######org.cloudfoundry.multiapps.controller.persistence.services.ProcessLogger########flowable-async-job-executor-thread-7907###
[PollStartAppStatusExecution] [cpapp-srv] b3bcf96d-d1ad-466b-be10-50b8a5ae697a [Fri Nov 25 06:18:13 UTC 2022] Downloading droplet... (STDOUT, CELL)#

#2.0#2022 11 25 06:18:21.666#Z#DEBUG#com.sap.cloud.lm.sl.xs2.a8d66c60-6c88-11ed-9cb6-eeee0a9d82d0.cpapp-srv.startAppTask#
######org.cloudfoundry.multiapps.controller.persistence.services.ProcessLogger########flowable-async-job-executor-thread-7907###
[PollStartAppStatusExecution] [cpapp-srv] b3bcf96d-d1ad-466b-be10-50b8a5ae697a [Fri Nov 25 06:18:14 UTC 2022] Starting health monitoring of container (STDOUT, CELL)#

#2.0#2022 11 25 06:18:21.666#Z#DEBUG#com.sap.cloud.lm.sl.xs2.a8d66c60-6c88-11ed-9cb6-eeee0a9d82d0.cpapp-srv.startAppTask#
######org.cloudfoundry.multiapps.controller.persistence.services.ProcessLogger########flowable-async-job-executor-thread-7907###
[PollStartAppStatusExecution] [cpapp-srv] b3bcf96d-d1ad-466b-be10-50b8a5ae697a [Fri Nov 25 06:18:14 UTC 2022] Downloaded droplet (37.8M) (STDOUT, CELL)#

#2.0#2022 11 25 06:18:21.666#Z#DEBUG#com.sap.cloud.lm.sl.xs2.a8d66c60-6c88-11ed-9cb6-eeee0a9d82d0.cpapp-srv.startAppTask#
######org.cloudfoundry.multiapps.controller.persistence.services.ProcessLogger########flowable-async-job-executor-thread-7907###
[PollStartAppStatusExecution] [cpapp-srv] b3bcf96d-d1ad-466b-be10-50b8a5ae697a [Fri Nov 25 06:18:15 UTC 2022] > cds run (STDOUT, APP/PROC/WEB)#

#2.0#2022 11 25 06:18:21.666#Z#DEBUG#com.sap.cloud.lm.sl.xs2.a8d66c60-6c88-11ed-9cb6-eeee0a9d82d0.cpapp-srv.startAppTask#
######org.cloudfoundry.multiapps.controller.persistence.services.ProcessLogger########flowable-async-job-executor-thread-7907###
[PollStartAppStatusExecution] [cpapp-srv] b3bcf96d-d1ad-466b-be10-50b8a5ae697a [Fri Nov 25 06:18:15 UTC 2022] > cpapp@1.0.0 start (STDOUT, APP/PROC/WEB)#

#2.0#2022 11 25 06:18:21.666#Z#DEBUG#com.sap.cloud.lm.sl.xs2.a8d66c60-6c88-11ed-9cb6-eeee0a9d82d0.cpapp-srv.startAppTask#
######org.cloudfoundry.multiapps.controller.persistence.services.ProcessLogger########flowable-async-job-executor-thread-7907###
[PollStartAppStatusExecution] [cpapp-srv] b3bcf96d-d1ad-466b-be10-50b8a5ae697a [Fri Nov 25 06:18:15 UTC 2022] [0m (STDOUT, APP/PROC/WEB)#

#2.0#2022 11 25 06:18:21.666#Z#DEBUG#com.sap.cloud.lm.sl.xs2.a8d66c60-6c88-11ed-9cb6-eeee0a9d82d0.cpapp-srv.startAppTask#
######org.cloudfoundry.multiapps.controller.persistence.services.ProcessLogger########flowable-async-job-executor-thread-7907###
[PollStartAppStatusExecution] [cpapp-srv] b3bcf96d-d1ad-466b-be10-50b8a5ae697a [Fri Nov 25 06:18:15 UTC 2022] srv/csn.json (STDOUT, APP/PROC/WEB)#

#2.0#2022 11 25 06:18:21.666#Z#DEBUG#com.sap.cloud.lm.sl.xs2.a8d66c60-6c88-11ed-9cb6-eeee0a9d82d0.cpapp-srv.startAppTask#
######org.cloudfoundry.multiapps.controller.persistence.services.ProcessLogger########flowable-async-job-executor-thread-7907###
[PollStartAppStatusExecution] [cpapp-srv] b3bcf96d-d1ad-466b-be10-50b8a5ae697a [Fri Nov 25 06:18:15 UTC 2022] [2m (STDOUT, APP/PROC/WEB)#

#2.0#2022 11 25 06:18:21.666#Z#DEBUG#com.sap.cloud.lm.sl.xs2.a8d66c60-6c88-11ed-9cb6-eeee0a9d82d0.cpapp-srv.startAppTask#
######org.cloudfoundry.multiapps.controller.persistence.services.ProcessLogger########flowable-async-job-executor-thread-7907###
[PollStartAppStatusExecution] [cpapp-srv] b3bcf96d-d1ad-466b-be10-50b8a5ae697a [Fri Nov 25 06:18:15 UTC 2022] [cds] - loaded model from 1 file(s): (STDOUT, APP/PROC/WEB)#

#2.0#2022 11 25 06:18:21.667#Z#DEBUG#com.sap.cloud.lm.sl.xs2.a8d66c60-6c88-11ed-9cb6-eeee0a9d82d0.cpapp-srv.startAppTask#
######org.cloudfoundry.multiapps.controller.persistence.services.ProcessLogger########flowable-async-job-executor-thread-7907###
[PollStartAppStatusExecution] [cpapp-srv] b3bcf96d-d1ad-466b-be10-50b8a5ae697a [Fri Nov 25 06:18:15 UTC 2022] } (STDOUT, APP/PROC/WEB)#

#2.0#2022 11 25 06:18:21.667#Z#DEBUG#com.sap.cloud.lm.sl.xs2.a8d66c60-6c88-11ed-9cb6-eeee0a9d82d0.cpapp-srv.startAppTask#
######org.cloudfoundry.multiapps.controller.persistence.services.ProcessLogger########flowable-async-job-executor-thread-7907###
[PollStartAppStatusExecution] [cpapp-srv] b3bcf96d-d1ad-466b-be10-50b8a5ae697a [Fri Nov 25 06:18:15 UTC 2022] certificate: '...' (STDOUT, APP/PROC/WEB)#

#2.0#2022 11 25 06:18:21.667#Z#DEBUG#com.sap.cloud.lm.sl.xs2.a8d66c60-6c88-11ed-9cb6-eeee0a9d82d0.cpapp-srv.startAppTask#
######org.cloudfoundry.multiapps.controller.persistence.services.ProcessLogger########flowable-async-job-executor-thread-7907###
[PollStartAppStatusExecution] [cpapp-srv] b3bcf96d-d1ad-466b-be10-50b8a5ae697a [Fri Nov 25 06:18:15 UTC 2022] password: '...', (STDOUT, APP/PROC/WEB)#

#2.0#2022 11 25 06:18:21.667#Z#DEBUG#com.sap.cloud.lm.sl.xs2.a8d66c60-6c88-11ed-9cb6-eeee0a9d82d0.cpapp-srv.startAppTask#
######org.cloudfoundry.multiapps.controller.persistence.services.ProcessLogger########flowable-async-job-executor-thread-7907###
[PollStartAppStatusExecution] [cpapp-srv] b3bcf96d-d1ad-466b-be10-50b8a5ae697a [Fri Nov 25 06:18:15 UTC 2022] user: 'A46739E4F7CD48CC988B411E57F201D2_91AS5SNU6LDURQLJ0YGHZ1RB5_RT', (STDOUT, APP/PROC/WEB)#

#2.0#2022 11 25 06:18:21.667#Z#DEBUG#com.sap.cloud.lm.sl.xs2.a8d66c60-6c88-11ed-9cb6-eeee0a9d82d0.cpapp-srv.startAppTask#
######org.cloudfoundry.multiapps.controller.persistence.services.ProcessLogger########flowable-async-job-executor-thread-7907###
[PollStartAppStatusExecution] [cpapp-srv] b3bcf96d-d1ad-466b-be10-50b8a5ae697a [Fri Nov 25 06:18:15 UTC 2022] hdi_password: '...', (STDOUT, APP/PROC/WEB)#

#2.0#2022 11 25 06:18:21.667#Z#DEBUG#com.sap.cloud.lm.sl.xs2.a8d66c60-6c88-11ed-9cb6-eeee0a9d82d0.cpapp-srv.startAppTask#
######org.cloudfoundry.multiapps.controller.persistence.services.ProcessLogger########flowable-async-job-executor-thread-7907###
[PollStartAppStatusExecution] [cpapp-srv] b3bcf96d-d1ad-466b-be10-50b8a5ae697a [Fri Nov 25 06:18:15 UTC 2022] hdi_user: 'A46739E4F7CD48CC988B411E57F201D2_91AS5SNU6LDURQLJ0YGHZ1RB5_DT', (STDOUT, APP/PROC/WEB)#

#2.0#2022 11 25 06:18:21.667#Z#DEBUG#com.sap.cloud.lm.sl.xs2.a8d66c60-6c88-11ed-9cb6-eeee0a9d82d0.cpapp-srv.startAppTask#
######org.cloudfoundry.multiapps.controller.persistence.services.ProcessLogger########flowable-async-job-executor-thread-7907###
[PollStartAppStatusExecution] [cpapp-srv] b3bcf96d-d1ad-466b-be10-50b8a5ae697a [Fri Nov 25 06:18:15 UTC 2022] schema: 'A46739E4F7CD48CC988B411E57F201D2', (STDOUT, APP/PROC/WEB)#

#2.0#2022 11 25 06:18:21.667#Z#DEBUG#com.sap.cloud.lm.sl.xs2.a8d66c60-6c88-11ed-9cb6-eeee0a9d82d0.cpapp-srv.startAppTask#
######org.cloudfoundry.multiapps.controller.persistence.services.ProcessLogger########flowable-async-job-executor-thread-7907###
[PollStartAppStatusExecution] [cpapp-srv] b3bcf96d-d1ad-466b-be10-50b8a5ae697a [Fri Nov 25 06:18:15 UTC 2022] url: 'jdbc:sap://76db6bf4-5ff3-4d1c-9e74-d733395c96e9.hana.trial-us10.hanacloud.ondemand.com:443?encrypt=true&validateCertificate=true&currentschema=A46739E4F7CD48CC988B411E57F201D2', (STDOUT, APP/PROC/WEB)#

#2.0#2022 11 25 06:18:21.667#Z#DEBUG#com.sap.cloud.lm.sl.xs2.a8d66c60-6c88-11ed-9cb6-eeee0a9d82d0.cpapp-srv.startAppTask#
######org.cloudfoundry.multiapps.controller.persistence.services.ProcessLogger########flowable-async-job-executor-thread-7907###
[PollStartAppStatusExecution] [cpapp-srv] b3bcf96d-d1ad-466b-be10-50b8a5ae697a [Fri Nov 25 06:18:15 UTC 2022] driver: 'com.sap.db.jdbc.Driver', (STDOUT, APP/PROC/WEB)#

#2.0#2022 11 25 06:18:21.667#Z#DEBUG#com.sap.cloud.lm.sl.xs2.a8d66c60-6c88-11ed-9cb6-eeee0a9d82d0.cpapp-srv.startAppTask#
######org.cloudfoundry.multiapps.controller.persistence.services.ProcessLogger########flowable-async-job-executor-thread-7907###
[PollStartAppStatusExecution] [cpapp-srv] b3bcf96d-d1ad-466b-be10-50b8a5ae697a [Fri Nov 25 06:18:15 UTC 2022] port: '443', (STDOUT, APP/PROC/WEB)#

#2.0#2022 11 25 06:18:21.667#Z#DEBUG#com.sap.cloud.lm.sl.xs2.a8d66c60-6c88-11ed-9cb6-eeee0a9d82d0.cpapp-srv.startAppTask#
######org.cloudfoundry.multiapps.controller.persistence.services.ProcessLogger########flowable-async-job-executor-thread-7907###
[PollStartAppStatusExecution] [cpapp-srv] b3bcf96d-d1ad-466b-be10-50b8a5ae697a [Fri Nov 25 06:18:15 UTC 2022] host: '76db6bf4-5ff3-4d1c-9e74-d733395c96e9.hana.trial-us10.hanacloud.ondemand.com', (STDOUT, APP/PROC/WEB)#

#2.0#2022 11 25 06:18:21.667#Z#DEBUG#com.sap.cloud.lm.sl.xs2.a8d66c60-6c88-11ed-9cb6-eeee0a9d82d0.cpapp-srv.startAppTask#
######org.cloudfoundry.multiapps.controller.persistence.services.ProcessLogger########flowable-async-job-executor-thread-7907###
[PollStartAppStatusExecution] [cpapp-srv] b3bcf96d-d1ad-466b-be10-50b8a5ae697a [Fri Nov 25 06:18:15 UTC 2022] database_id: '76db6bf4-5ff3-4d1c-9e74-d733395c96e9', (STDOUT, APP/PROC/WEB)#

#2.0#2022 11 25 06:18:21.667#Z#DEBUG#com.sap.cloud.lm.sl.xs2.a8d66c60-6c88-11ed-9cb6-eeee0a9d82d0.cpapp-srv.startAppTask#
######org.cloudfoundry.multiapps.controller.persistence.services.ProcessLogger########flowable-async-job-executor-thread-7907###
[PollStartAppStatusExecution] [cpapp-srv] b3bcf96d-d1ad-466b-be10-50b8a5ae697a [Fri Nov 25 06:18:15 UTC 2022] [cds] - connect to db > hana { (STDOUT, APP/PROC/WEB)#

#2.0#2022 11 25 06:18:21.667#Z#DEBUG#com.sap.cloud.lm.sl.xs2.a8d66c60-6c88-11ed-9cb6-eeee0a9d82d0.cpapp-srv.startAppTask#
######org.cloudfoundry.multiapps.controller.persistence.services.ProcessLogger########flowable-async-job-executor-thread-7907###
[PollStartAppStatusExecution] [cpapp-srv] b3bcf96d-d1ad-466b-be10-50b8a5ae697a [Fri Nov 25 06:18:16 UTC 2022] [cds] - serving RiskService { path: '/service/risk', impl: 'srv/risk-service.js' } (STDOUT, APP/PROC/WEB)#

#2.0#2022 11 25 06:18:21.667#Z#DEBUG#com.sap.cloud.lm.sl.xs2.a8d66c60-6c88-11ed-9cb6-eeee0a9d82d0.cpapp-srv.startAppTask#
######org.cloudfoundry.multiapps.controller.persistence.services.ProcessLogger########flowable-async-job-executor-thread-7907###
[PollStartAppStatusExecution] [cpapp-srv] b3bcf96d-d1ad-466b-be10-50b8a5ae697a [Fri Nov 25 06:18:16 UTC 2022] [cds] - launched at 11/25/2022, 6:18:15 AM, version: 6.3.1, in: 598.298ms (STDOUT, APP/PROC/WEB)#

#2.0#2022 11 25 06:18:21.667#Z#DEBUG#com.sap.cloud.lm.sl.xs2.a8d66c60-6c88-11ed-9cb6-eeee0a9d82d0.cpapp-srv.startAppTask#
######org.cloudfoundry.multiapps.controller.persistence.services.ProcessLogger########flowable-async-job-executor-thread-7907###
[PollStartAppStatusExecution] [cpapp-srv] b3bcf96d-d1ad-466b-be10-50b8a5ae697a [Fri Nov 25 06:18:16 UTC 2022] [cds] - server listening on { url: 'http://localhost:8080' } (STDOUT, APP/PROC/WEB)#

#2.0#2022 11 25 06:18:21.667#Z#DEBUG#com.sap.cloud.lm.sl.xs2.a8d66c60-6c88-11ed-9cb6-eeee0a9d82d0.cpapp-srv.startAppTask#
######org.cloudfoundry.multiapps.controller.persistence.services.ProcessLogger########flowable-async-job-executor-thread-7907###
[PollStartAppStatusExecution] [cpapp-srv] b3bcf96d-d1ad-466b-be10-50b8a5ae697a [Fri Nov 25 06:18:17 UTC 2022] Container became healthy (STDOUT, CELL)#

